wear/build/intermediates/manifest_merge_blame_file/debug/processDebugMainManifest/manifest-merger-blame-debug-report.txt
1<?xml version="1.0" encoding="utf-8"?>
2<manifest xmlns:android="http://schemas.android.com/apk/res/android"
3    package="ru.sdvirk.healthsync.wear"
4    android:versionCode="1"
5    android:versionName="0.2.0" >
6
7    <uses-sdk
8        android:minSdkVersion="30"
9        android:targetSdkVersion="35" />
10
11    <uses-feature
11-->src/main/AndroidManifest.xml:4:5-88
12        android:name="android.hardware.type.watch"
12-->src/main/AndroidManifest.xml:4:19-61
13        android:required="true" />
13-->src/main/AndroidManifest.xml:4:62-85
14    <uses-feature
14-->src/main/AndroidManifest.xml:5:5-95
15        android:name="android.hardware.sensor.heartrate"
15-->src/main/AndroidManifest.xml:5:19-67
16        android:required="false" />
16-->src/main/AndroidManifest.xml:5:68-92
17
18    <uses-permission android:name="android.permission.BODY_SENSORS" />
18-->src/main/AndroidManifest.xml:7:5-71
18-->src/main/AndroidManifest.xml:7:22-68
19    <uses-permission android:name="android.permission.BODY_SENSORS_BACKGROUND" />
19-->src/main/AndroidManifest.xml:8:5-82
19-->src/main/AndroidManifest.xml:8:22-79
20    <uses-permission android:name="android.permission.ACTIVITY_RECOGNITION" />
20-->src/main/AndroidManifest.xml:9:5-79
20-->src/main/AndroidManifest.xml:9:22-76
21    <uses-permission android:name="android.permission.RECEIVE_BOOT_COMPLETED" />
21-->src/main/AndroidManifest.xml:10:5-81
21-->src/main/AndroidManifest.xml:10:22-78
22    <uses-permission android:name="android.permission.WAKE_LOCK" />
22-->src/main/AndroidManifest.xml:11:5-68
22-->src/main/AndroidManifest.xml:11:22-65
23
24    <queries>
24-->src/main/AndroidManifest.xml:13:5-16:15
25        <package android:name="com.google.android.wearable.healthservices" />
25-->src/main/AndroidManifest.xml:14:9-78
25-->src/main/AndroidManifest.xml:14:18-75
26        <package android:name="com.google.android.gms" />
26-->src/main/AndroidManifest.xml:15:9-58
26-->src/main/AndroidManifest.xml:15:18-55
27    </queries>
28
29    <uses-permission android:name="android.permission.ACCESS_NETWORK_STATE" />
29-->[androidx.work:work-runtime:2.10.0] AndroidManifest.xml:24:5-79
29-->[androidx.work:work-runtime:2.10.0] AndroidManifest.xml:24:22-76
30    <uses-permission android:name="android.permission.FOREGROUND_SERVICE" />
30-->[androidx.work:work-runtime:2.10.0] AndroidManifest.xml:26:5-77
30-->[androidx.work:work-runtime:2.10.0] AndroidManifest.xml:26:22-74
31
32    <permission
32-->[androidx.core:core:1.15.0] AndroidManifest.xml:22:5-24:47
33        android:name="ru.sdvirk.healthsync.wear.DYNAMIC_RECEIVER_NOT_EXPORTED_PERMISSION"
33-->[androidx.core:core:1.15.0] AndroidManifest.xml:23:9-81
34        android:protectionLevel="signature" />
34-->[androidx.core:core:1.15.0] AndroidManifest.xml:24:9-44
35
36    <uses-permission android:name="ru.sdvirk.healthsync.wear.DYNAMIC_RECEIVER_NOT_EXPORTED_PERMISSION" />
36-->[androidx.core:core:1.15.0] AndroidManifest.xml:26:5-97
36-->[androidx.core:core:1.15.0] AndroidManifest.xml:26:22-94
37
38    <application
38-->src/main/AndroidManifest.xml:18:5-51:19
39        android:allowBackup="true"
39-->src/main/AndroidManifest.xml:19:9-35
40        android:appComponentFactory="androidx.core.app.CoreComponentFactory"
40-->[androidx.core:core:1.15.0] AndroidManifest.xml:28:18-86
41        android:debuggable="true"
42        android:extractNativeLibs="false"
43        android:icon="@android:drawable/ic_menu_compass"
43-->src/main/AndroidManifest.xml:20:9-57
44        android:label="@string/app_name"
44-->src/main/AndroidManifest.xml:21:9-41
45        android:supportsRtl="true"
45-->src/main/AndroidManifest.xml:22:9-35
46        android:theme="@android:style/Theme.DeviceDefault" >
46-->src/main/AndroidManifest.xml:23:9-59
47        <meta-data
47-->src/main/AndroidManifest.xml:25:9-27:37
48            android:name="com.google.android.wearable.standalone"
48-->src/main/AndroidManifest.xml:26:13-66
49            android:value="false" />
49-->src/main/AndroidManifest.xml:27:13-34
50
51        <activity
51-->src/main/AndroidManifest.xml:29:9-37:20
52            android:name="ru.sdvirk.healthsync.wear.WearMainActivity"
52-->src/main/AndroidManifest.xml:30:13-45
53            android:exported="true"
53-->src/main/AndroidManifest.xml:31:13-36
54            android:taskAffinity="" >
54-->src/main/AndroidManifest.xml:32:13-36
55            <intent-filter>
55-->src/main/AndroidManifest.xml:33:13-36:29
56                <action android:name="android.intent.action.MAIN" />
56-->src/main/AndroidManifest.xml:34:17-69
56-->src/main/AndroidManifest.xml:34:25-66
57
58                <category android:name="android.intent.category.LAUNCHER" />
58-->src/main/AndroidManifest.xml:35:17-77
58-->src/main/AndroidManifest.xml:35:27-74
59            </intent-filter>
60        </activity>
61
62        <service
62-->src/main/AndroidManifest.xml:39:9-42:111
63            android:name="ru.sdvirk.healthsync.wear.HrPassiveService"
63-->src/main/AndroidManifest.xml:40:13-45
64            android:exported="true"
64-->src/main/AndroidManifest.xml:41:13-36
65            android:permission="com.google.android.wearable.healthservices.permission.PASSIVE_DATA_BINDING" />
65-->src/main/AndroidManifest.xml:42:13-108
66
67        <receiver
67-->src/main/AndroidManifest.xml:44:9-50:20
68            android:name="ru.sdvirk.healthsync.wear.BootReceiver"
68-->src/main/AndroidManifest.xml:45:13-41
69            android:exported="true" >
69-->src/main/AndroidManifest.xml:46:13-36
70            <intent-filter>
70-->src/main/AndroidManifest.xml:47:13-49:29
71                <action android:name="android.intent.action.BOOT_COMPLETED" />
71-->src/main/AndroidManifest.xml:48:17-79
71-->src/main/AndroidManifest.xml:48:25-76
72            </intent-filter>
73        </receiver>
74
75        <uses-library
75-->[androidx.wear:wear:1.3.0] AndroidManifest.xml:23:9-25:40
76            android:name="com.google.android.wearable"
76-->[androidx.wear:wear:1.3.0] AndroidManifest.xml:24:13-55
77            android:required="false" />
77-->[androidx.wear:wear:1.3.0] AndroidManifest.xml:25:13-37
78
79        <activity
79-->[com.google.android.gms:play-services-base:18.5.0] AndroidManifest.xml:5:9-173
80            android:name="com.google.android.gms.common.api.GoogleApiActivity"
80-->[com.google.android.gms:play-services-base:18.5.0] AndroidManifest.xml:5:19-85
81            android:exported="false"
81-->[com.google.android.gms:play-services-base:18.5.0] AndroidManifest.xml:5:146-170
82            android:theme="@android:style/Theme.Translucent.NoTitleBar" />
82-->[com.google.android.gms:play-services-base:18.5.0] AndroidManifest.xml:5:86-145
83
84        <meta-data
84-->[com.google.android.gms:play-services-basement:18.4.0] AndroidManifest.xml:6:9-122
85            android:name="com.google.android.gms.version"
85-->[com.google.android.gms:play-services-basement:18.4.0] AndroidManifest.xml:6:20-65
86            android:value="@integer/google_play_services_version" />
86-->[com.google.android.gms:play-services-basement:18.4.0] AndroidManifest.xml:6:66-119
87
88        <service
88-->[androidx.health:health-services-client:1.1.0-rc02] AndroidManifest.xml:24:9-31:19
89            android:name="androidx.health.services.client.VersionApiService"
89-->[androidx.health:health-services-client:1.1.0-rc02] AndroidManifest.xml:25:13-77
90            android:exported="true"
90-->[androidx.health:health-services-client:1.1.0-rc02] AndroidManifest.xml:26:13-36
91            android:permission="com.google.android.wearable.healthservices.permission.PASSIVE_DATA_BINDING" >
91-->[androidx.health:health-services-client:1.1.0-rc02] AndroidManifest.xml:27:13-108
92            <intent-filter>
92-->[androidx.health:health-services-client:1.1.0-rc02] AndroidManifest.xml:28:13-30:29
93                <action android:name="hs.versionclient.BIND" />
93-->[androidx.health:health-services-client:1.1.0-rc02] AndroidManifest.xml:29:17-64
93-->[androidx.health:health-services-client:1.1.0-rc02] AndroidManifest.xml:29:25-61
94            </intent-filter>
95        </service>
96
97        <provider
97-->[androidx.work:work-runtime:2.10.0] AndroidManifest.xml:29:9-37:20
98            android:name="androidx.startup.InitializationProvider"
98-->[androidx.work:work-runtime:2.10.0] AndroidManifest.xml:30:13-67
99            android:authorities="ru.sdvirk.healthsync.wear.androidx-startup"
99-->[androidx.work:work-runtime:2.10.0] AndroidManifest.xml:31:13-68
100            android:exported="false" >
100-->[androidx.work:work-runtime:2.10.0] AndroidManifest.xml:32:13-37
101            <meta-data
101-->[androidx.work:work-runtime:2.10.0] AndroidManifest.xml:34:13-36:52
102                android:name="androidx.work.WorkManagerInitializer"
102-->[androidx.work:work-runtime:2.10.0] AndroidManifest.xml:35:17-68
103                android:value="androidx.startup" />
103-->[androidx.work:work-runtime:2.10.0] AndroidManifest.xml:36:17-49
104            <meta-data
104-->[androidx.profileinstaller:profileinstaller:1.3.1] AndroidManifest.xml:29:13-31:52
105                android:name="androidx.profileinstaller.ProfileInstallerInitializer"
105-->[androidx.profileinstaller:profileinstaller:1.3.1] AndroidManifest.xml:30:17-85
106                android:value="androidx.startup" />
106-->[androidx.profileinstaller:profileinstaller:1.3.1] AndroidManifest.xml:31:17-49
107        </provider>
108
109        <service
109-->[androidx.work:work-runtime:2.10.0] AndroidManifest.xml:39:9-45:35
110            android:name="androidx.work.impl.background.systemalarm.SystemAlarmService"
110-->[androidx.work:work-runtime:2.10.0] AndroidManifest.xml:40:13-88
111            android:directBootAware="false"
111-->[androidx.work:work-runtime:2.10.0] AndroidManifest.xml:41:13-44
112            android:enabled="@bool/enable_system_alarm_service_default"
112-->[androidx.work:work-runtime:2.10.0] AndroidManifest.xml:42:13-72
113            android:exported="false" />
113-->[androidx.work:work-runtime:2.10.0] AndroidManifest.xml:43:13-37
114        <service
114-->[androidx.work:work-runtime:2.10.0] AndroidManifest.xml:46:9-52:35
115            android:name="androidx.work.impl.background.systemjob.SystemJobService"
115-->[androidx.work:work-runtime:2.10.0] AndroidManifest.xml:47:13-84
116            android:directBootAware="false"
116-->[androidx.work:work-runtime:2.10.0] AndroidManifest.xml:48:13-44
117            android:enabled="@bool/enable_system_job_service_default"
117-->[androidx.work:work-runtime:2.10.0] AndroidManifest.xml:49:13-70
118            android:exported="true"
118-->[androidx.work:work-runtime:2.10.0] AndroidManifest.xml:50:13-36
119            android:permission="android.permission.BIND_JOB_SERVICE" />
119-->[androidx.work:work-runtime:2.10.0] AndroidManifest.xml:51:13-69
120        <service
120-->[androidx.work:work-runtime:2.10.0] AndroidManifest.xml:53:9-59:35
121            android:name="androidx.work.impl.foreground.SystemForegroundService"
121-->[androidx.work:work-runtime:2.10.0] AndroidManifest.xml:54:13-81
122            android:directBootAware="false"
122-->[androidx.work:work-runtime:2.10.0] AndroidManifest.xml:55:13-44
123            android:enabled="@bool/enable_system_foreground_service_default"
123-->[androidx.work:work-runtime:2.10.0] AndroidManifest.xml:56:13-77
124            android:exported="false" />
124-->[androidx.work:work-runtime:2.10.0] AndroidManifest.xml:57:13-37
125
126        <receiver
126-->[androidx.work:work-runtime:2.10.0] AndroidManifest.xml:61:9-66:35
127            android:name="androidx.work.impl.utils.ForceStopRunnable$BroadcastReceiver"
127-->[androidx.work:work-runtime:2.10.0] AndroidManifest.xml:62:13-88
128            android:directBootAware="false"
128-->[androidx.work:work-runtime:2.10.0] AndroidManifest.xml:63:13-44
129            android:enabled="true"
129-->[androidx.work:work-runtime:2.10.0] AndroidManifest.xml:64:13-35
130            android:exported="false" />
130-->[androidx.work:work-runtime:2.10.0] AndroidManifest.xml:65:13-37
131        <receiver
131-->[androidx.work:work-runtime:2.10.0] AndroidManifest.xml:67:9-77:20
132            android:name="androidx.work.impl.background.systemalarm.ConstraintProxy$BatteryChargingProxy"
132-->[androidx.work:work-runtime:2.10.0] AndroidManifest.xml:68:13-106
133            android:directBootAware="false"
133-->[androidx.work:work-runtime:2.10.0] AndroidManifest.xml:69:13-44
134            android:enabled="false"
134-->[androidx.work:work-runtime:2.10.0] AndroidManifest.xml:70:13-36
135            android:exported="false" >
135-->[androidx.work:work-runtime:2.10.0] AndroidManifest.xml:71:13-37
136            <intent-filter>
136-->[androidx.work:work-runtime:2.10.0] AndroidManifest.xml:73:13-76:29
137                <action android:name="android.intent.action.ACTION_POWER_CONNECTED" />
137-->[androidx.work:work-runtime:2.10.0] AndroidManifest.xml:74:17-87
137-->[androidx.work:work-runtime:2.10.0] AndroidManifest.xml:74:25-84
138                <action android:name="android.intent.action.ACTION_POWER_DISCONNECTED" />
138-->[androidx.work:work-runtime:2.10.0] AndroidManifest.xml:75:17-90
138-->[androidx.work:work-runtime:2.10.0] AndroidManifest.xml:75:25-87
139            </intent-filter>
140        </receiver>
141        <receiver
141-->[androidx.work:work-runtime:2.10.0] AndroidManifest.xml:78:9-88:20
142            android:name="androidx.work.impl.background.systemalarm.ConstraintProxy$BatteryNotLowProxy"
142-->[androidx.work:work-runtime:2.10.0] AndroidManifest.xml:79:13-104
143            android:directBootAware="false"
143-->[androidx.work:work-runtime:2.10.0] AndroidManifest.xml:80:13-44
144            android:enabled="false"
144-->[androidx.work:work-runtime:2.10.0] AndroidManifest.xml:81:13-36
145            android:exported="false" >
145-->[androidx.work:work-runtime:2.10.0] AndroidManifest.xml:82:13-37
146            <intent-filter>
146-->[androidx.work:work-runtime:2.10.0] AndroidManifest.xml:84:13-87:29
147                <action android:name="android.intent.action.BATTERY_OKAY" />
147-->[androidx.work:work-runtime:2.10.0] AndroidManifest.xml:85:17-77
147-->[androidx.work:work-runtime:2.10.0] AndroidManifest.xml:85:25-74
148                <action android:name="android.intent.action.BATTERY_LOW" />
148-->[androidx.work:work-runtime:2.10.0] AndroidManifest.xml:86:17-76
148-->[androidx.work:work-runtime:2.10.0] AndroidManifest.xml:86:25-73
149            </intent-filter>
150        </receiver>
151        <receiver
151-->[androidx.work:work-runtime:2.10.0] AndroidManifest.xml:89:9-99:20
152            android:name="androidx.work.impl.background.systemalarm.ConstraintProxy$StorageNotLowProxy"
152-->[androidx.work:work-runtime:2.10.0] AndroidManifest.xml:90:13-104
153            android:directBootAware="false"
153-->[androidx.work:work-runtime:2.10.0] AndroidManifest.xml:91:13-44
154            android:enabled="false"
154-->[androidx.work:work-runtime:2.10.0] AndroidManifest.xml:92:13-36
155            android:exported="false" >
155-->[androidx.work:work-runtime:2.10.0] AndroidManifest.xml:93:13-37
156            <intent-filter>
156-->[androidx.work:work-runtime:2.10.0] AndroidManifest.xml:95:13-98:29
157                <action android:name="android.intent.action.DEVICE_STORAGE_LOW" />
157-->[androidx.work:work-runtime:2.10.0] AndroidManifest.xml:96:17-83
157-->[androidx.work:work-runtime:2.10.0] AndroidManifest.xml:96:25-80
158                <action android:name="android.intent.action.DEVICE_STORAGE_OK" />
158-->[androidx.work:work-runtime:2.10.0] AndroidManifest.xml:97:17-82
158-->[androidx.work:work-runtime:2.10.0] AndroidManifest.xml:97:25-79
159            </intent-filter>
160        </receiver>
161        <receiver
161-->[androidx.work:work-runtime:2.10.0] AndroidManifest.xml:100:9-109:20
162            android:name="androidx.work.impl.background.systemalarm.ConstraintProxy$NetworkStateProxy"
162-->[androidx.work:work-runtime:2.10.0] AndroidManifest.xml:101:13-103
163            android:directBootAware="false"
163-->[androidx.work:work-runtime:2.10.0] AndroidManifest.xml:102:13-44
164            android:enabled="false"
164-->[androidx.work:work-runtime:2.10.0] AndroidManifest.xml:103:13-36
165            android:exported="false" >
165-->[androidx.work:work-runtime:2.10.0] AndroidManifest.xml:104:13-37
166            <intent-filter>
166-->[androidx.work:work-runtime:2.10.0] AndroidManifest.xml:106:13-108:29
167                <action android:name="android.net.conn.CONNECTIVITY_CHANGE" />
167-->[androidx.work:work-runtime:2.10.0] AndroidManifest.xml:107:17-79
167-->[androidx.work:work-runtime:2.10.0] AndroidManifest.xml:107:25-76
168            </intent-filter>
169        </receiver>
170        <receiver
170-->[androidx.work:work-runtime:2.10.0] AndroidManifest.xml:110:9-121:20
171            android:name="androidx.work.impl.background.systemalarm.RescheduleReceiver"
171-->[androidx.work:work-runtime:2.10.0] AndroidManifest.xml:111:13-88
172            android:directBootAware="false"
172-->[androidx.work:work-runtime:2.10.0] AndroidManifest.xml:112:13-44
173            android:enabled="false"
173-->[androidx.work:work-runtime:2.10.0] AndroidManifest.xml:113:13-36
174            android:exported="false" >
174-->[androidx.work:work-runtime:2.10.0] AndroidManifest.xml:114:13-37
175            <intent-filter>
175-->[androidx.work:work-runtime:2.10.0] AndroidManifest.xml:116:13-120:29
176                <action android:name="android.intent.action.BOOT_COMPLETED" />
176-->src/main/AndroidManifest.xml:48:17-79
176-->src/main/AndroidManifest.xml:48:25-76
177                <action android:name="android.intent.action.TIME_SET" />
177-->[androidx.work:work-runtime:2.10.0] AndroidManifest.xml:118:17-73
177-->[androidx.work:work-runtime:2.10.0] AndroidManifest.xml:118:25-70
178                <action android:name="android.intent.action.TIMEZONE_CHANGED" />
178-->[androidx.work:work-runtime:2.10.0] AndroidManifest.xml:119:17-81
178-->[androidx.work:work-runtime:2.10.0] AndroidManifest.xml:119:25-78
179            </intent-filter>
180        </receiver>
181        <receiver
181-->[androidx.work:work-runtime:2.10.0] AndroidManifest.xml:122:9-131:20
182            android:name="androidx.work.impl.background.systemalarm.ConstraintProxyUpdateReceiver"
182-->[androidx.work:work-runtime:2.10.0] AndroidManifest.xml:123:13-99
183            android:directBootAware="false"
183-->[androidx.work:work-runtime:2.10.0] AndroidManifest.xml:124:13-44
184            android:enabled="@bool/enable_system_alarm_service_default"
184-->[androidx.work:work-runtime:2.10.0] AndroidManifest.xml:125:13-72
185            android:exported="false" >
185-->[androidx.work:work-runtime:2.10.0] AndroidManifest.xml:126:13-37
186            <intent-filter>
186-->[androidx.work:work-runtime:2.10.0] AndroidManifest.xml:128:13-130:29
187                <action android:name="androidx.work.impl.background.systemalarm.UpdateProxies" />
187-->[androidx.work:work-runtime:2.10.0] AndroidManifest.xml:129:17-98
187-->[androidx.work:work-runtime:2.10.0] AndroidManifest.xml:129:25-95
188            </intent-filter>
189        </receiver>
190        <receiver
190-->[androidx.work:work-runtime:2.10.0] AndroidManifest.xml:132:9-142:20
191            android:name="androidx.work.impl.diagnostics.DiagnosticsReceiver"
191-->[androidx.work:work-runtime:2.10.0] AndroidManifest.xml:133:13-78
192            android:directBootAware="false"
192-->[androidx.work:work-runtime:2.10.0] AndroidManifest.xml:134:13-44
193            android:enabled="true"
193-->[androidx.work:work-runtime:2.10.0] AndroidManifest.xml:135:13-35
194            android:exported="true"
194-->[androidx.work:work-runtime:2.10.0] AndroidManifest.xml:136:13-36
195            android:permission="android.permission.DUMP" >
195-->[androidx.work:work-runtime:2.10.0] AndroidManifest.xml:137:13-57
196            <intent-filter>
196-->[androidx.work:work-runtime:2.10.0] AndroidManifest.xml:139:13-141:29
197                <action android:name="androidx.work.diagnostics.REQUEST_DIAGNOSTICS" />
197-->[androidx.work:work-runtime:2.10.0] AndroidManifest.xml:140:17-88
197-->[androidx.work:work-runtime:2.10.0] AndroidManifest.xml:140:25-85
198            </intent-filter>
199        </receiver>
200        <receiver
200-->[androidx.profileinstaller:profileinstaller:1.3.1] AndroidManifest.xml:34:9-52:20
201            android:name="androidx.profileinstaller.ProfileInstallReceiver"
201-->[androidx.profileinstaller:profileinstaller:1.3.1] AndroidManifest.xml:35:13-76
202            android:directBootAware="false"
202-->[androidx.profileinstaller:profileinstaller:1.3.1] AndroidManifest.xml:36:13-44
203            android:enabled="true"
203-->[androidx.profileinstaller:profileinstaller:1.3.1] AndroidManifest.xml:37:13-35
204            android:exported="true"
204-->[androidx.profileinstaller:profileinstaller:1.3.1] AndroidManifest.xml:38:13-36
205            android:permission="android.permission.DUMP" >
205-->[androidx.profileinstaller:profileinstaller:1.3.1] AndroidManifest.xml:39:13-57
206            <intent-filter>
206-->[androidx.profileinstaller:profileinstaller:1.3.1] AndroidManifest.xml:40:13-42:29
207                <action android:name="androidx.profileinstaller.action.INSTALL_PROFILE" />
207-->[androidx.profileinstaller:profileinstaller:1.3.1] AndroidManifest.xml:41:17-91
207-->[androidx.profileinstaller:profileinstaller:1.3.1] AndroidManifest.xml:41:25-88
208            </intent-filter>
209            <intent-filter>
209-->[androidx.profileinstaller:profileinstaller:1.3.1] AndroidManifest.xml:43:13-45:29
210                <action android:name="androidx.profileinstaller.action.SKIP_FILE" />
210-->[androidx.profileinstaller:profileinstaller:1.3.1] AndroidManifest.xml:44:17-85
210-->[androidx.profileinstaller:profileinstaller:1.3.1] AndroidManifest.xml:44:25-82
211            </intent-filter>
212            <intent-filter>
212-->[androidx.profileinstaller:profileinstaller:1.3.1] AndroidManifest.xml:46:13-48:29
213                <action android:name="androidx.profileinstaller.action.SAVE_PROFILE" />
213-->[androidx.profileinstaller:profileinstaller:1.3.1] AndroidManifest.xml:47:17-88
213-->[androidx.profileinstaller:profileinstaller:1.3.1] AndroidManifest.xml:47:25-85
214            </intent-filter>
215            <intent-filter>
215-->[androidx.profileinstaller:profileinstaller:1.3.1] AndroidManifest.xml:49:13-51:29
216                <action android:name="androidx.profileinstaller.action.BENCHMARK_OPERATION" />
216-->[androidx.profileinstaller:profileinstaller:1.3.1] AndroidManifest.xml:50:17-95
216-->[androidx.profileinstaller:profileinstaller:1.3.1] AndroidManifest.xml:50:25-92
217            </intent-filter>
218        </receiver>
219
220        <service
220-->[androidx.room:room-runtime:2.6.1] AndroidManifest.xml:24:9-28:63
221            android:name="androidx.room.MultiInstanceInvalidationService"
221-->[androidx.room:room-runtime:2.6.1] AndroidManifest.xml:25:13-74
222            android:directBootAware="true"
222-->[androidx.room:room-runtime:2.6.1] AndroidManifest.xml:26:13-43
223            android:exported="false" />
223-->[androidx.room:room-runtime:2.6.1] AndroidManifest.xml:27:13-37
224    </application>
225
226</manifest>